19:34:08 **** Build of configuration Debug for project reference_and_pointer ****
make all 
Building file: ../src/reference_and_pointer.cpp
Invoking: GCC C++ Compiler
g++ -O0 -g3 -Wall -c -fmessage-length=0 -MMD -MP -MF"src/reference_and_pointer.d" -MT"src/reference_and_pointer.o" -o "src/reference_and_pointer.o" "../src/reference_and_pointer.cpp"
Finished building: ../src/reference_and_pointer.cpp
 
Building target: reference_and_pointer
Invoking: MacOS X C++ Linker
g++  -o "reference_and_pointer"  ./src/reference_and_pointer.o   
Finished building target: reference_and_pointer
 
19:34:17 **** Incremental Build of configuration Debug for project reference_and_pointer ****
make all 
make: Nothing to be done for `all'.
19:35:10 **** Incremental Build of configuration Debug for project reference_and_pointer ****
make all 
Building file: ../src/reference_and_pointer.cpp
Invoking: GCC C++ Compiler
g++ -O0 -g3 -Wall -c -fmessage-length=0 -MMD -MP -MF"src/reference_and_pointer.d" -MT"src/reference_and_pointer.o" -o "src/reference_and_pointer.o" "../src/reference_and_pointer.cpp"
Finished building: ../src/reference_and_pointer.cpp
 
Building target: reference_and_pointer
Invoking: MacOS X C++ Linker
g++  -o "reference_and_pointer"  ./src/reference_and_pointer.o   
Finished building target: reference_and_pointer
 
19:36:02 **** Incremental Build of configuration Debug for project reference_and_pointer ****
make all 
Building file: ../src/reference_and_pointer.cpp
Invoking: GCC C++ Compiler
g++ -O0 -g3 -Wall -c -fmessage-length=0 -MMD -MP -MF"src/reference_and_pointer.d" -MT"src/reference_and_pointer.o" -o "src/reference_and_pointer.o" "../src/reference_and_pointer.cpp"
Finished building: ../src/reference_and_pointer.cpp
 
Building target: reference_and_pointer
Invoking: MacOS X C++ Linker
g++  -o "reference_and_pointer"  ./src/reference_and_pointer.o   
Finished building target: reference_and_pointer
 
